INFO:     Will watch for changes in these directories: ['D:\\NaMo_Forbidden_Archive']
INFO:     Uvicorn running on http://0.0.0.0:8000 (Press CTRL+C to quit)
INFO:     Started reloader process [76212] using StatReload
INFO:     Started server process [43024]
INFO:     Waiting for application startup.
INFO:     Application startup complete.
Traceback (most recent call last):
  File "<frozen ntpath>", line 696, in realpath
OSError: [WinError 1450] Insufficient system resources exist to complete the requested service: 'D:\\NaMo_Forbidden_Archive\\venv\\Lib\\site-packages\\elevenlabs\\studio\\projects\\client.py'

During handling of the above exception, another exception occurred:

Traceback (most recent call last):
  File "<frozen runpy>", line 198, in _run_module_as_main
  File "<frozen runpy>", line 88, in _run_code
  File "D:\NaMo_Forbidden_Archive\venv\Scripts\uvicorn.exe\__main__.py", line 7, in <module>
  File "D:\NaMo_Forbidden_Archive\venv\Lib\site-packages\click\core.py", line 1485, in __call__
    return self.main(*args, **kwargs)
           ^^^^^^^^^^^^^^^^^^^^^^^^^^
  File "D:\NaMo_Forbidden_Archive\venv\Lib\site-packages\click\core.py", line 1406, in main
    rv = self.invoke(ctx)
         ^^^^^^^^^^^^^^^^
  File "D:\NaMo_Forbidden_Archive\venv\Lib\site-packages\click\core.py", line 1269, in invoke
    return ctx.invoke(self.callback, **ctx.params)
           ^^^^^^^^^^^^^^^^^^^^^^^^^^^^^^^^^^^^^^^
  File "D:\NaMo_Forbidden_Archive\venv\Lib\site-packages\click\core.py", line 824, in invoke
    return callback(*args, **kwargs)
           ^^^^^^^^^^^^^^^^^^^^^^^^^
  File "D:\NaMo_Forbidden_Archive\venv\Lib\site-packages\uvicorn\main.py", line 424, in main
    run(
  File "D:\NaMo_Forbidden_Archive\venv\Lib\site-packages\uvicorn\main.py", line 589, in run
    ChangeReload(config, target=server.run, sockets=[sock]).run()
  File "D:\NaMo_Forbidden_Archive\venv\Lib\site-packages\uvicorn\supervisors\basereload.py", line 52, in run
    for changes in self:
  File "D:\NaMo_Forbidden_Archive\venv\Lib\site-packages\uvicorn\supervisors\basereload.py", line 71, in __next__
    return self.should_restart()
           ^^^^^^^^^^^^^^^^^^^^^
  File "D:\NaMo_Forbidden_Archive\venv\Lib\site-packages\uvicorn\supervisors\statreload.py", line 31, in should_restart
    for file in self.iter_py_files():
  File "D:\NaMo_Forbidden_Archive\venv\Lib\site-packages\uvicorn\supervisors\statreload.py", line 52, in iter_py_files
    yield path.resolve()
          ^^^^^^^^^^^^^^
  File "C:\Users\Window10\AppData\Local\Programs\Python\Python311\Lib\pathlib.py", line 993, in resolve
    s = os.path.realpath(self, strict=strict)
        ^^^^^^^^^^^^^^^^^^^^^^^^^^^^^^^^^^^^^
  File "<frozen ntpath>", line 710, in realpath
  File "<frozen ntpath>", line 650, in _getfinalpathname_nonstrict
OSError: [WinError 1450] Insufficient system resources exist to complete the requested service: 'D:\\NaMo_Forbidden_Archive\\venv\\Lib\\site-packages\\elevenlabs\\studio\\projects\\client.py'
